2025-05-05 06:35:12 - INFO - [main:33] - -----------------------------------
2025-05-05 06:35:12 - INFO - [main:34] - Application starting...
2025-05-05 06:35:12 - INFO - [main:35] - Log level set to: INFO
2025-05-05 06:35:12 - INFO - [main:47] - Application __main__ block entered.
2025-05-05 06:35:12 - INFO - [main:58] - Application running as script. Path: e:\advanced_downloader
2025-05-05 06:35:12 - INFO - [main:66] - Initializing UI...
2025-05-05 06:35:12 - INFO - [ui_interface:57] - UserInterface: Attempting to set window icon from: E:\advanced_downloader\assets\logo.ico
2025-05-05 06:35:12 - INFO - [ui_interface:61] - UserInterface: Window icon set successfully.
2025-05-05 06:35:13 - INFO - [main:33] - -----------------------------------
2025-05-05 06:35:13 - INFO - [main:34] - Application starting...
2025-05-05 06:35:13 - INFO - [main:35] - Log level set to: INFO
2025-05-05 06:35:13 - INFO - [main:47] - Application __main__ block entered.
2025-05-05 06:35:13 - INFO - [main:58] - Application running as script. Path: e:\advanced_downloader
2025-05-05 06:35:13 - INFO - [main:66] - Initializing UI...
2025-05-05 06:35:13 - INFO - [ui_interface:57] - UserInterface: Attempting to set window icon from: E:\advanced_downloader\assets\logo.ico
2025-05-05 06:35:13 - INFO - [ui_interface:61] - UserInterface: Window icon set successfully.
2025-05-05 06:35:13 - INFO - [ui_state_manager:26] - UIStateManager: Entering idle state.
2025-05-05 06:35:13 - INFO - [main:68] - UI Initialized.
2025-05-05 06:35:13 - INFO - [main:70] - Initializing Logic Handler...
2025-05-05 06:35:13 - INFO - [logic_handler:32] - LogicHandler: Initializing...
2025-05-05 06:35:13 - INFO - [logic_utils:30] - Found bundled ffmpeg: E:\advanced_downloader\ffmpeg_bin\ffmpeg.exe
2025-05-05 06:35:13 - INFO - [logic_handler:43] - LogicHandler: FFmpeg path set to: E:\advanced_downloader\ffmpeg_bin\ffmpeg.exe
2025-05-05 06:35:13 - INFO - [logic_handler:47] - LogicHandler: Initialization complete.
2025-05-05 06:35:13 - INFO - [main:78] - Logic Handler Initialized.
2025-05-05 06:35:13 - INFO - [main:82] - Logic Handler linked to UI.
2025-05-05 06:35:13 - INFO - [main:85] - Starting main UI event loop (app.mainloop()).
2025-05-05 06:35:13 - INFO - [ui_state_manager:26] - UIStateManager: Entering idle state.
2025-05-05 06:35:13 - INFO - [main:68] - UI Initialized.
2025-05-05 06:35:13 - INFO - [main:70] - Initializing Logic Handler...
2025-05-05 06:35:13 - INFO - [logic_handler:32] - LogicHandler: Initializing...
2025-05-05 06:35:13 - INFO - [logic_utils:30] - Found bundled ffmpeg: E:\advanced_downloader\ffmpeg_bin\ffmpeg.exe
2025-05-05 06:35:13 - INFO - [logic_handler:43] - LogicHandler: FFmpeg path set to: E:\advanced_downloader\ffmpeg_bin\ffmpeg.exe
2025-05-05 06:35:13 - INFO - [logic_handler:47] - LogicHandler: Initialization complete.
2025-05-05 06:35:13 - INFO - [main:78] - Logic Handler Initialized.
2025-05-05 06:35:13 - INFO - [main:82] - Logic Handler linked to UI.
2025-05-05 06:35:13 - INFO - [main:85] - Starting main UI event loop (app.mainloop()).
2025-05-05 06:35:15 - INFO - [main:33] - -----------------------------------
2025-05-05 06:35:15 - INFO - [main:34] - Application starting...
2025-05-05 06:35:15 - INFO - [main:35] - Log level set to: INFO
2025-05-05 06:35:15 - INFO - [main:47] - Application __main__ block entered.
2025-05-05 06:35:15 - INFO - [main:58] - Application running as script. Path: e:\advanced_downloader
2025-05-05 06:35:15 - INFO - [main:66] - Initializing UI...
2025-05-05 06:35:15 - INFO - [ui_interface:57] - UserInterface: Attempting to set window icon from: E:\advanced_downloader\assets\logo.ico
2025-05-05 06:35:15 - INFO - [ui_interface:61] - UserInterface: Window icon set successfully.
2025-05-05 06:35:15 - INFO - [ui_state_manager:26] - UIStateManager: Entering idle state.
2025-05-05 06:35:15 - INFO - [main:68] - UI Initialized.
2025-05-05 06:35:15 - INFO - [main:70] - Initializing Logic Handler...
2025-05-05 06:35:15 - INFO - [logic_handler:32] - LogicHandler: Initializing...
2025-05-05 06:35:15 - INFO - [logic_utils:30] - Found bundled ffmpeg: E:\advanced_downloader\ffmpeg_bin\ffmpeg.exe
2025-05-05 06:35:15 - INFO - [logic_handler:43] - LogicHandler: FFmpeg path set to: E:\advanced_downloader\ffmpeg_bin\ffmpeg.exe
2025-05-05 06:35:15 - INFO - [logic_handler:47] - LogicHandler: Initialization complete.
2025-05-05 06:35:15 - INFO - [main:78] - Logic Handler Initialized.
2025-05-05 06:35:15 - INFO - [main:82] - Logic Handler linked to UI.
2025-05-05 06:35:15 - INFO - [main:85] - Starting main UI event loop (app.mainloop()).
2025-05-05 06:35:18 - INFO - [main:87] - Application finished.
2025-05-05 06:35:18 - INFO - [main:88] - -----------------------------------
2025-05-05 06:35:20 - INFO - [main:87] - Application finished.
2025-05-05 06:35:20 - INFO - [main:88] - -----------------------------------
2025-05-05 06:35:20 - INFO - [main:87] - Application finished.
2025-05-05 06:35:20 - INFO - [main:88] - -----------------------------------
2025-05-05 06:35:24 - INFO - [main:33] - -----------------------------------
2025-05-05 06:35:24 - INFO - [main:34] - Application starting...
2025-05-05 06:35:24 - INFO - [main:35] - Log level set to: INFO
2025-05-05 06:35:24 - INFO - [main:47] - Application __main__ block entered.
2025-05-05 06:35:24 - INFO - [main:58] - Application running as script. Path: e:\advanced_downloader
2025-05-05 06:35:24 - INFO - [main:66] - Initializing UI...
2025-05-05 06:35:24 - INFO - [ui_interface:57] - UserInterface: Attempting to set window icon from: E:\advanced_downloader\assets\logo.ico
2025-05-05 06:35:24 - INFO - [ui_interface:61] - UserInterface: Window icon set successfully.
2025-05-05 06:35:24 - INFO - [ui_state_manager:26] - UIStateManager: Entering idle state.
2025-05-05 06:35:24 - INFO - [main:68] - UI Initialized.
2025-05-05 06:35:24 - INFO - [main:70] - Initializing Logic Handler...
2025-05-05 06:35:24 - INFO - [logic_handler:32] - LogicHandler: Initializing...
2025-05-05 06:35:24 - INFO - [logic_utils:30] - Found bundled ffmpeg: E:\advanced_downloader\ffmpeg_bin\ffmpeg.exe
2025-05-05 06:35:24 - INFO - [logic_handler:43] - LogicHandler: FFmpeg path set to: E:\advanced_downloader\ffmpeg_bin\ffmpeg.exe
2025-05-05 06:35:24 - INFO - [logic_handler:47] - LogicHandler: Initialization complete.
2025-05-05 06:35:24 - INFO - [main:78] - Logic Handler Initialized.
2025-05-05 06:35:24 - INFO - [main:82] - Logic Handler linked to UI.
2025-05-05 06:35:24 - INFO - [main:85] - Starting main UI event loop (app.mainloop()).
2025-05-05 06:36:09 - INFO - [ui_action_handler:17] - UIActionHandler: Directory selected: G:/اسلاميات/إيه المشكلة الموسم الثالت
2025-05-05 06:36:12 - INFO - [ui_action_handler:40] - UIActionHandler: Requesting info fetch for URL: https://www.youtube.com/playlist?list=PLlXQj2VGUTm...
2025-05-05 06:36:12 - INFO - [ui_state_manager:46] - UIStateManager: Entering fetching state.
2025-05-05 06:36:12 - INFO - [logic_handler:69] - LogicHandler: Starting info fetch for URL: https://www.youtube.com/playlist?list=PLlXQj2VGUTm...
2025-05-05 06:36:12 - INFO - [info_fetcher:40] - InfoFetcher: Starting core info fetch.
2025-05-05 06:36:12 - INFO - [logic_handler:142] - LogicHandler: Info fetch thread started.
2025-05-05 06:36:12 - INFO - [info_fetcher:59] - InfoFetcher: Calling ydl.extract_info().
2025-05-05 06:36:15 - INFO - [info_fetcher:63] - InfoFetcher: ydl.extract_info() completed.
2025-05-05 06:36:15 - INFO - [info_fetcher:97] - InfoFetcher: Information dictionary received.
2025-05-05 06:36:15 - INFO - [info_fetcher:118] - InfoFetcher: Fetch successful, calling success_callback.
2025-05-05 06:36:15 - INFO - [ui_callback_handler:55] - UICallbackHandler: on_info_success callback received.
2025-05-05 06:36:15 - INFO - [ui_state_manager:112] - UIStateManager: Entering info fetched state.
  Actual Playlist: True
  Switch ON: True
  Show Playlist View: True
2025-05-05 06:36:16 - INFO - [ui_callback_handler:120] - UICallbackHandler: Processing task finish.
  Operation Type: 'fetch'
  Final Status Text: 'Playlist info fetched. Select items and download.'
  Was Cancelled: False
  Was Error: False
2025-05-05 06:36:16 - INFO - [ui_callback_handler:151] - UICallbackHandler: Info fetch finished successfully (state already updated).
2025-05-05 06:36:21 - INFO - [ui_action_handler:123] - UIActionHandler: Starting playlist download. Selected: 20, Total: 20, Items: 1,2,3,4,5,6,7,8,9,10,11,12,13,14,15,16,17,18,19,20, Format: Download the best available quality, up to 720p
2025-05-05 06:36:21 - INFO - [ui_state_manager:61] - UIStateManager: Entering downloading state.
2025-05-05 06:36:21 - INFO - [logic_handler:117] - LogicHandler: Starting download...
  URL: https://www.youtube.com/playlist?list=PLlXQj2VGUTm...
  Save Path: G:/اسلاميات/إيه المشكلة الموسم الثالت
  Format Choice: 'Download the best available quality, up to 720p'
  Is Playlist: True
  Selected Items: 20 (String: 1,2,3,4,5,6,7,8,9,10,11,12,13,14,15,16,17,18,19,20)
  Total Playlist Count: 20
2025-05-05 06:36:21 - INFO - [downloader:335] - Downloader: Starting core download process.
2025-05-05 06:36:21 - INFO - [logic_handler:142] - LogicHandler: Download thread started.
2025-05-05 06:36:21 - INFO - [downloader:404] - Downloader: Calling ydl.download()...
